<?xml version="1.0" encoding="UTF-8"?>
<!-- Generated by org.testng.reporters.JUnitReportReporter -->
<testsuite hostname="DAL-YAGHIA" failures="0" tests="2" name="test.LAMetro_Login_Test" time="10.203" errors="0" timestamp="2020-03-19T16:08:49 CDT" skipped="0">
  <testcase classname="test.LAMetro_Login_Test" name="Login" time="9.448"/>
  <system-out/>
  <testcase classname="test.LAMetro_Login_Test" name="LogOut" time="0.755"/>
  <system-out/>
</testsuite> <!-- test.LAMetro_Login_Test -->
