<?xml version="1.0" encoding="UTF-8"?>
<!-- Generated by org.testng.reporters.JUnitReportReporter -->
<testsuite hostname="DAL-YAGHIA" failures="0" tests="1" name="test.LAMetro_Login_Test" time="11.872" errors="0" timestamp="19 Mar 2020 19:49:53 GMT" skipped="0">
  <testcase classname="test.LAMetro_Login_Test" name="LoginPage" time="11.872"/>
</testsuite> <!-- test.LAMetro_Login_Test -->
